modules/expo-app-monitor/android/build/intermediates/manifest_merge_blame_file/debug/processDebugManifest/manifest-merger-blame-debug-report.txt
1<?xml version="1.0" encoding="utf-8"?>
2<manifest xmlns:android="http://schemas.android.com/apk/res/android"
3    package="expo.modules.appmonitor" >
4
5    <uses-sdk android:minSdkVersion="26" />
6
7    <!-- Permissions must be declared outside <application> -->
8    <uses-permission android:name="android.permission.BIND_ACCESSIBILITY_SERVICE" />
8-->src/main/AndroidManifest.xml:5:5-85
8-->src/main/AndroidManifest.xml:5:22-82
9    <uses-permission android:name="android.permission.INTERNET" />
9-->src/main/AndroidManifest.xml:6:5-67
9-->src/main/AndroidManifest.xml:6:22-64
10
11    <application>
11-->src/main/AndroidManifest.xml:8:5-23:19
12
13        <!-- Accessibility Service -->
14        <service
14-->src/main/AndroidManifest.xml:11:9-21:19
15            android:name="expo.modules.appmonitor.KidAppAccessService"
15-->src/main/AndroidManifest.xml:12:13-48
16            android:exported="false"
16-->src/main/AndroidManifest.xml:14:13-37
17            android:permission="android.permission.BIND_ACCESSIBILITY_SERVICE" >
17-->src/main/AndroidManifest.xml:13:13-79
18            <intent-filter>
18-->src/main/AndroidManifest.xml:15:13-17:29
19                <action android:name="android.accessibilityservice.AccessibilityService" />
19-->src/main/AndroidManifest.xml:16:17-92
19-->src/main/AndroidManifest.xml:16:25-89
20            </intent-filter>
21
22            <meta-data
22-->src/main/AndroidManifest.xml:18:13-20:76
23                android:name="android.accessibilityservice"
23-->src/main/AndroidManifest.xml:19:17-60
24                android:resource="@xml/kid_accessibility_service_config" />
24-->src/main/AndroidManifest.xml:20:17-73
25        </service>
26    </application>
27
28</manifest>